<?xml version="1.0" encoding="UTF-8"?>
<!-- Generated by org.testng.reporters.JUnitReportReporter -->
<testsuite hostname="LAPTOP-6LG2OHSP" failures="0" tests="2" name="testRunner.TestRunnerTestNG" time="21.429" errors="0" timestamp="2025-05-31T15:59:44 IST" skipped="0">
  <testcase classname="testRunner.TestRunnerTestNG" name="runScenario" time="5.767"/>
  <testcase classname="testRunner.TestRunnerTestNG" name="runScenario" time="15.662"/>
</testsuite> <!-- testRunner.TestRunnerTestNG -->
