<?xml version="1.0" encoding="UTF-8"?>
<!-- Generated by org.testng.reporters.JUnitReportReporter -->
<testsuite hostname="LAPTOP-6LG2OHSP" failures="0" tests="7" name="com.SDETCapstone.RestAssuredCapstone.RestAssuredTest" time="7.987" errors="0" timestamp="2025-05-31T14:41:42 IST" skipped="0">
  <testcase classname="com.SDETCapstone.RestAssuredCapstone.RestAssuredTest" name="reqResPositiveCase" time="0.697"/>
  <testcase classname="com.SDETCapstone.RestAssuredCapstone.RestAssuredTest" name="reqResNegativeCase" time="3.463"/>
  <testcase classname="com.SDETCapstone.RestAssuredCapstone.RestAssuredTest" name="reqResPositiveCase" time="0.785"/>
  <testcase classname="com.SDETCapstone.RestAssuredCapstone.RestAssuredTest" name="reqResPositiveCase" time="0.736"/>
  <testcase classname="com.SDETCapstone.RestAssuredCapstone.RestAssuredTest" name="reqResPositiveCase" time="0.737"/>
  <testcase classname="com.SDETCapstone.RestAssuredCapstone.RestAssuredTest" name="reqResPositiveCase" time="0.863"/>
  <testcase classname="com.SDETCapstone.RestAssuredCapstone.RestAssuredTest" name="reqResPositiveCase" time="0.706"/>
</testsuite> <!-- com.SDETCapstone.RestAssuredCapstone.RestAssuredTest -->
